[16:24:34.186] [INFO] storybook v10.1.11
[16:24:34.378] [DEBUG] Getting package.json info for /Volumes/Work/edifice-frontend-framework/package.json...
[16:24:34.388] [WARN] Could not resolve addon "/Volumes/Work/edifice-frontend-framework/apps/docs/@storybook/addon-a11y", skipping. Is it installed?
[16:24:34.388] [WARN] Could not resolve addon "/Volumes/Work/edifice-frontend-framework/apps/docs/@storybook/addon-links", skipping. Is it installed?
[16:24:34.389] [WARN] Could not resolve addon "/Volumes/Work/edifice-frontend-framework/apps/docs/@chromatic-com/storybook", skipping. Is it installed?
[16:24:34.389] [WARN] Could not resolve addon "/Volumes/Work/edifice-frontend-framework/apps/docs/@storybook/addon-docs", skipping. Is it installed?
[16:24:34.390] [ERROR] [38;2;241;97;97mSB_CORE-SERVER_0002 (CriticalPresetLoadError): Storybook failed to load the following preset: ./@storybook/react-vite/preset.

Please check whether your setup is correct, the Storybook dependencies (and their peer dependencies) are installed correctly and there are no package version clashes.

If you believe this is a bug, please open an issue on Github.

Error [ERR_MODULE_NOT_FOUND]: Cannot find module './@storybook/react-vite/preset' imported from /Volumes/Work/edifice-frontend-framework/node_modules/.pnpm/storybook@10.1.11_@testing-library+dom@10.4.0_prettier@3.7.4_react-dom@18.3.1_react@18.3.1__react@18.3.1/node_modules/storybook/dist/_node-chunks/chunk-O7UZQAUS.js
    at finalizeResolution (node:internal/modules/esm/resolve:274:11)
    at moduleResolve (node:internal/modules/esm/resolve:859:10)
    at defaultResolve (node:internal/modules/esm/resolve:983:11)
    at nextResolve (node:internal/modules/esm/hooks:748:28)
    at Hooks.resolve (node:internal/modules/esm/hooks:240:30)
    at MessagePort.handleMessage (node:internal/modules/esm/worker:199:24)
    at [nodejs.internal.kHybridDispatch] (node:internal/event_target:845:20)
    at MessagePort.<anonymous> (node:internal/per_context/messageport:23:28)

More info: 
[39m
    at loadPreset (file:///Volumes/Work/edifice-frontend-framework/node_modules/.pnpm/storybook@10.1.11_@testing-library+dom@10.4.0_prettier@3.7.4_react-dom@18.3.1_react@18.3.1__react@18.3.1/node_modules/storybook/dist/_node-chunks/chunk-Q4DOC7HF.js:10101:13)
    at async Promise.all (index 0)
    at async loadPresets (file:///Volumes/Work/edifice-frontend-framework/node_modules/.pnpm/storybook@10.1.11_@testing-library+dom@10.4.0_prettier@3.7.4_react-dom@18.3.1_react@18.3.1__react@18.3.1/node_modules/storybook/dist/_node-chunks/chunk-Q4DOC7HF.js:10110:73)
    at async getPresets (file:///Volumes/Work/edifice-frontend-framework/node_modules/.pnpm/storybook@10.1.11_@testing-library+dom@10.4.0_prettier@3.7.4_react-dom@18.3.1_react@18.3.1__react@18.3.1/node_modules/storybook/dist/_node-chunks/chunk-Q4DOC7HF.js:10141:23)
    at async buildDevStandalone (file:///Volumes/Work/edifice-frontend-framework/node_modules/.pnpm/storybook@10.1.11_@testing-library+dom@10.4.0_prettier@3.7.4_react-dom@18.3.1_react@18.3.1__react@18.3.1/node_modules/storybook/dist/core-server/index.js:7163:17)
    at async withTelemetry (file:///Volumes/Work/edifice-frontend-framework/node_modules/.pnpm/storybook@10.1.11_@testing-library+dom@10.4.0_prettier@3.7.4_react-dom@18.3.1_react@18.3.1__react@18.3.1/node_modules/storybook/dist/_node-chunks/chunk-2372JZ52.js:209:12)
    at async dev (file:///Volumes/Work/edifice-frontend-framework/node_modules/.pnpm/storybook@10.1.11_@testing-library+dom@10.4.0_prettier@3.7.4_react-dom@18.3.1_react@18.3.1__react@18.3.1/node_modules/storybook/dist/bin/core.js:2734:3)
    at async _Command.<anonymous> (file:///Volumes/Work/edifice-frontend-framework/node_modules/.pnpm/storybook@10.1.11_@testing-library+dom@10.4.0_prettier@3.7.4_react-dom@18.3.1_react@18.3.1__react@18.3.1/node_modules/storybook/dist/bin/core.js:2801:92)
[16:24:34.392] [WARN] Broken build, fix the error above.
You may need to refresh the browser.
[16:24:34.393] [WARN] Could not resolve addon "/Volumes/Work/edifice-frontend-framework/apps/docs/@storybook/addon-a11y", skipping. Is it installed?
[16:24:34.393] [WARN] Could not resolve addon "/Volumes/Work/edifice-frontend-framework/apps/docs/@storybook/addon-links", skipping. Is it installed?
[16:24:34.393] [WARN] Could not resolve addon "/Volumes/Work/edifice-frontend-framework/apps/docs/@chromatic-com/storybook", skipping. Is it installed?
[16:24:34.393] [WARN] Could not resolve addon "/Volumes/Work/edifice-frontend-framework/apps/docs/@storybook/addon-docs", skipping. Is it installed?