
[43m[30m WARN [39m[49m Issue while reading "/Volumes/Work/edifice-frontend-framework/.npmrc". Failed to replace env in config: ${NPM_TOKEN}

> @edifice.io/rest-client-base@2.5.11 build /Volumes/Work/edifice-frontend-framework/packages/rest-client-base
> pnpm run build:node && pnpm run build:browser && pnpm run build:react-native

[43m[30m WARN [39m[49m Issue while reading "/Volumes/Work/edifice-frontend-framework/.npmrc". Failed to replace env in config: ${NPM_TOKEN}

> @edifice.io/rest-client-base@2.5.11 build:node /Volumes/Work/edifice-frontend-framework/packages/rest-client-base
> vite build --config vite.config.node.ts && tsc src/bin/cli.ts --outDir dist/node --module commonjs --target ES2020 && mv dist/node/cli.js dist/node/cli.cjs

[36mvite v5.4.14 [32mbuilding for production...[36m[39m
[2K[1Gtransforming (1) [2msrc/index.ts[22m[2K[1G[2K[1G[2K[1G[2K[1G[2K[1G[32m✓[39m 42 modules transformed.
[2K[1Grendering chunks (1)...[2K[1G[32m
[36m[vite:dts][32m Start generate declaration files...[39m
[2K[1Gcomputing gzip size (0)...[2K[1Gcomputing gzip size (1)...[2K[1G[2mdist/node/[22m[36mindex.js  [39m[1m[2m14.93 kB[22m[1m[22m[2m │ gzip: 3.24 kB[22m
[32m[36m[vite:dts][32m Start rollup declaration files...[39m
Analysis will use the bundled TypeScript version 5.8.2
*** The target project appears to use TypeScript 5.9.3 which is newer than the bundled compiler engine; consider upgrading API Extractor.
[32m[36m[vite:dts][32m Declaration files built in 1452ms.
[39m
[2K[1Grendering chunks (1)...[2K[1G[2K[1Gcomputing gzip size (1)...[2K[1G[2mdist/node/[22m[36mindex.cjs  [39m[1m[2m8.73 kB[22m[1m[22m[2m │ gzip: 2.19 kB[22m
[32m✓ built in 1.54s[39m
[43m[30m WARN [39m[49m Issue while reading "/Volumes/Work/edifice-frontend-framework/.npmrc". Failed to replace env in config: ${NPM_TOKEN}

> @edifice.io/rest-client-base@2.5.11 build:browser /Volumes/Work/edifice-frontend-framework/packages/rest-client-base
> vite build --config vite.config.browser.ts

[36mvite v5.4.14 [32mbuilding for production...[36m[39m
[2K[1Gtransforming (1) [2msrc/index.ts[22m[2K[1G[32m✓[39m 8 modules transformed.
[2K[1Grendering chunks (1)...[2K[1G[32m
[36m[vite:dts][32m Start generate declaration files...[39m
[2K[1Gcomputing gzip size (0)...[2K[1Gcomputing gzip size (1)...[2K[1G[2mdist/browser/[22m[36mindex.js  [39m[1m[2m9.07 kB[22m[1m[22m[2m │ gzip: 2.02 kB[22m
[32m[36m[vite:dts][32m Start rollup declaration files...[39m
Analysis will use the bundled TypeScript version 5.8.2
*** The target project appears to use TypeScript 5.9.3 which is newer than the bundled compiler engine; consider upgrading API Extractor.
[32m[36m[vite:dts][32m Declaration files built in 1366ms.
[39m
[32m✓ built in 1.42s[39m
[43m[30m WARN [39m[49m Issue while reading "/Volumes/Work/edifice-frontend-framework/.npmrc". Failed to replace env in config: ${NPM_TOKEN}

> @edifice.io/rest-client-base@2.5.11 build:react-native /Volumes/Work/edifice-frontend-framework/packages/rest-client-base
> vite build --config vite.config.react-native.ts

[36mvite v5.4.14 [32mbuilding for production...[36m[39m
[2K[1Gtransforming (1) [2msrc/index.ts[22m[2K[1G[32m✓[39m 8 modules transformed.
[2K[1Grendering chunks (1)...[2K[1G[32m
[36m[vite:dts][32m Start generate declaration files...[39m
[2K[1Gcomputing gzip size (0)...[2K[1Gcomputing gzip size (1)...[2K[1G[2mdist/react-native/[22m[36mindex.js  [39m[1m[2m9.07 kB[22m[1m[22m[2m │ gzip: 2.02 kB[22m
[32m[36m[vite:dts][32m Start rollup declaration files...[39m
Analysis will use the bundled TypeScript version 5.8.2
*** The target project appears to use TypeScript 5.9.3 which is newer than the bundled compiler engine; consider upgrading API Extractor.
[32m[36m[vite:dts][32m Declaration files built in 1429ms.
[39m
[32m✓ built in 1.52s[39m
