
[43m[30m WARN [39m[49m Issue while reading "/Volumes/Work/edifice-frontend-framework/.npmrc". Failed to replace env in config: ${NPM_TOKEN}

> @edifice.io/client@2.5.11 build /Volumes/Work/edifice-frontend-framework/packages/client
> vite build

[36mvite v5.4.14 [32mbuilding for production...[36m[39m
[2K[1Gtransforming (1) [2msrc/ts/index.ts[22m[2K[1Gtransforming (61) [2msrc/ts/resources/behaviours/BlogBehaviour.ts[22m[2K[1G[2K[1G[2K[1G[2K[1G[2K[1G[2K[1G[2K[1G[2K[1G[32m✓[39m 82 modules transformed.
[2K[1Gsrc/ts/analytics/Service.ts (104:6): Use of eval in "src/ts/analytics/Service.ts" is strongly discouraged as it poses security risks and may cause issues with minification.
[2K[1Grendering chunks (1)...[2K[1G[32m
[36m[vite:dts][32m Start generate declaration files...[39m
[96msrc/ts/directory/Service.ts[0m:[93m37[0m:[93m5[0m - [91merror[0m[90m TS2322: [0mType '{ id: string; displayName: string; members: never[]; }[]' is not assignable to type 'Bookmark[]'.
  Property 'notVisibleCount' is missing in type '{ id: string; displayName: string; members: never[]; }' but required in type 'Bookmark'.

[7m37[0m     return all.map(({ id, name }) => {
[7m  [0m [91m    ~~~~~~[0m

  [96msrc/ts/directory/interface.ts[0m:[93m26[0m:[93m3[0m
    [7m26[0m   notVisibleCount: number;
    [7m  [0m [96m  ~~~~~~~~~~~~~~~[0m
    'notVisibleCount' is declared here.
[96msrc/ts/directory/Service.ts[0m:[93m103[0m:[93m15[0m - [91merror[0m[90m TS2741: [0mProperty 'notVisibleCount' is missing in type '{ displayName: string; id: string; members: string[]; }' but required in type 'BookmarkWithMembers'.

[7m103[0m         const tmp: BookmarkWithMembers = {
[7m   [0m [91m              ~~~[0m

  [96msrc/ts/directory/interface.ts[0m:[93m26[0m:[93m3[0m
    [7m26[0m   notVisibleCount: number;
    [7m  [0m [96m  ~~~~~~~~~~~~~~~[0m
    'notVisibleCount' is declared here.
[96msrc/ts/directory/Service.ts[0m:[93m132[0m:[93m5[0m - [91merror[0m[90m TS2741: [0mProperty 'notVisibleCount' is missing in type '{ id: string; displayName: string; members: string[]; }' but required in type 'BookmarkWithMembers'.

[7m132[0m     return {
[7m   [0m [91m    ~~~~~~[0m

  [96msrc/ts/directory/interface.ts[0m:[93m26[0m:[93m3[0m
    [7m26[0m   notVisibleCount: number;
    [7m  [0m [96m  ~~~~~~~~~~~~~~~[0m
    'notVisibleCount' is declared here.

[2K[1Gcomputing gzip size (0)...[2K[1Gcomputing gzip size (1)...[2K[1G[2mdist/[22m[36mindex.cjs  [39m[1m[2m105.48 kB[22m[1m[22m[2m │ gzip: 30.43 kB[22m
[32m[36m[vite:dts][32m Declaration files built in 923ms.
[39m
[2K[1Grendering chunks (1)...[2K[1G[2K[1Gcomputing gzip size (1)...[2K[1G[2mdist/[22m[36mindex.js  [39m[1m[2m149.46 kB[22m[1m[22m[2m │ gzip: 37.95 kB[22m
[32m✓ built in 1.15s[39m
