
[43m[30m WARN [39m[49m Issue while reading "/Volumes/Work/edifice-frontend-framework/.npmrc". Failed to replace env in config: ${NPM_TOKEN}

> @edifice.io/tiptap-extensions@2.5.11 build /Volumes/Work/edifice-frontend-framework/packages/extensions
> vite build

[36mvite v5.4.14 [32mbuilding for production...[36m[39m
[2K[1Gtransforming (1) [2msrc/index.ts[22m[2K[1G[32m✓[39m 49 modules transformed.
[2K[1Grendering chunks (1)...[2K[1Grendering chunks (2)...[2K[1Grendering chunks (3)...[2K[1Grendering chunks (4)...[2K[1Grendering chunks (5)...[2K[1Grendering chunks (6)...[2K[1Grendering chunks (7)...[2K[1Grendering chunks (8)...[2K[1Grendering chunks (9)...[2K[1Grendering chunks (10)...[2K[1Grendering chunks (11)...[2K[1Grendering chunks (12)...[2K[1Grendering chunks (13)...[2K[1Grendering chunks (14)...[2K[1Grendering chunks (15)...[2K[1Grendering chunks (16)...[2K[1Grendering chunks (17)...[2K[1Grendering chunks (18)...[2K[1Grendering chunks (19)...[2K[1Grendering chunks (20)...[2K[1Grendering chunks (21)...[2K[1Grendering chunks (22)...[2K[1Grendering chunks (23)...[2K[1Grendering chunks (24)...[2K[1Grendering chunks (25)...[2K[1Grendering chunks (26)...[2K[1Grendering chunks (27)...[2K[1G[32m
[36m[vite:dts][32m Start generate declaration files...[39m
[96msrc/attachment/attachment-transformer.ts[0m:[93m9[0m:[93m5[0m - [91merror[0m[90m TS2717: [0mSubsequent property declarations must have the same type.  Property 'attachment' must be of type '{ setAttachment: (attachment: any) => ReturnType; unsetAttachment: (documentId: string) => ReturnType; }', but here has type '{ setAttachment: (attachment: any) => ReturnType; }'.

[7m9[0m     attachment: {
[7m [0m [91m    ~~~~~~~~~~[0m

  [96msrc/attachment/attachment.ts[0m:[93m9[0m:[93m5[0m
    [7m9[0m     attachment: {
    [7m [0m [96m    ~~~~~~~~~~[0m
    'attachment' was also declared here.

[2K[1Gcomputing gzip size (0)...[2K[1Gcomputing gzip size (1)...[2K[1Gcomputing gzip size (2)...[2K[1Gcomputing gzip size (3)...[2K[1Gcomputing gzip size (4)...[2K[1Gcomputing gzip size (5)...[2K[1Gcomputing gzip size (6)...[2K[1Gcomputing gzip size (7)...[2K[1Gcomputing gzip size (8)...[2K[1Gcomputing gzip size (9)...[2K[1Gcomputing gzip size (10)...[2K[1Gcomputing gzip size (11)...[2K[1Gcomputing gzip size (12)...[2K[1Gcomputing gzip size (13)...[2K[1Gcomputing gzip size (14)...[2K[1Gcomputing gzip size (15)...[2K[1Gcomputing gzip size (16)...[2K[1Gcomputing gzip size (17)...[2K[1Gcomputing gzip size (18)...[2K[1Gcomputing gzip size (19)...[2K[1Gcomputing gzip size (20)...[2K[1Gcomputing gzip size (21)...[2K[1Gcomputing gzip size (22)...[2K[1Gcomputing gzip size (23)...[2K[1Gcomputing gzip size (24)...[2K[1Gcomputing gzip size (25)...[2K[1Gcomputing gzip size (26)...[2K[1Gcomputing gzip size (27)...[2K[1G[2mdist/[22m[36mtransform/html-to-json/html-to-json.js                  [39m[1m[2m0.20 kB[22m[1m[22m[2m │ gzip: 0.16 kB[22m[2m │ map:  0.38 kB[22m
[2mdist/[22m[36mtransform/json-to-html/json-to-html.js                  [39m[1m[2m0.20 kB[22m[1m[22m[2m │ gzip: 0.16 kB[22m[2m │ map:  0.38 kB[22m
[2mdist/[22m[36mparagraph/paragraph.js                                  [39m[1m[2m0.35 kB[22m[1m[22m[2m │ gzip: 0.25 kB[22m[2m │ map:  1.14 kB[22m
[2mdist/[22m[36mconversation-history-body/conversation-history-body.js  [39m[1m[2m0.53 kB[22m[1m[22m[2m │ gzip: 0.29 kB[22m[2m │ map:  1.30 kB[22m
[2mdist/[22m[36mhighlight/highlight.js                                  [39m[1m[2m0.59 kB[22m[1m[22m[2m │ gzip: 0.32 kB[22m[2m │ map:  0.95 kB[22m
[2mdist/[22m[36mabbr/abbr.js                                            [39m[1m[2m0.63 kB[22m[1m[22m[2m │ gzip: 0.31 kB[22m[2m │ map:  1.61 kB[22m
[2mdist/[22m[36mtable-cell/table-cell.js                                [39m[1m[2m0.70 kB[22m[1m[22m[2m │ gzip: 0.37 kB[22m[2m │ map:  1.39 kB[22m
[2mdist/[22m[36malert/alert.js                                          [39m[1m[2m0.77 kB[22m[1m[22m[2m │ gzip: 0.36 kB[22m[2m │ map:  1.52 kB[22m
[2mdist/[22m[36mline-height/line-height.js                              [39m[1m[2m0.79 kB[22m[1m[22m[2m │ gzip: 0.39 kB[22m[2m │ map:  1.39 kB[22m
[2mdist/[22m[36mspeech-synthesis/speech-synthesis.js                    [39m[1m[2m0.81 kB[22m[1m[22m[2m │ gzip: 0.36 kB[22m[2m │ map:  1.99 kB[22m
[2mdist/[22m[36miframe/transformers/pad-transformer.js                  [39m[1m[2m0.91 kB[22m[1m[22m[2m │ gzip: 0.49 kB[22m[2m │ map:  2.36 kB[22m
[2mdist/[22m[36miframe/transformers/index.js                            [39m[1m[2m1.01 kB[22m[1m[22m[2m │ gzip: 0.46 kB[22m[2m │ map:  0.90 kB[22m
[2mdist/[22m[36mfont-size/font-size.js                                  [39m[1m[2m1.04 kB[22m[1m[22m[2m │ gzip: 0.47 kB[22m[2m │ map:  2.38 kB[22m
[2mdist/[22m[36mmathjax/mathjax.js                                      [39m[1m[2m1.12 kB[22m[1m[22m[2m │ gzip: 0.52 kB[22m[2m │ map:  2.33 kB[22m
[2mdist/[22m[36minformation-pane/information-pane.js                    [39m[1m[2m1.22 kB[22m[1m[22m[2m │ gzip: 0.53 kB[22m[2m │ map:  2.61 kB[22m
[2mdist/[22m[36maudio/audio.js                                          [39m[1m[2m1.26 kB[22m[1m[22m[2m │ gzip: 0.54 kB[22m[2m │ map:  2.92 kB[22m
[2mdist/[22m[36mhyperlink/hyperlink.js                                  [39m[1m[2m1.49 kB[22m[1m[22m[2m │ gzip: 0.64 kB[22m[2m │ map:  3.34 kB[22m
[2mdist/[22m[36mheading/heading.js                                      [39m[1m[2m1.55 kB[22m[1m[22m[2m │ gzip: 0.66 kB[22m[2m │ map:  3.70 kB[22m
[2mdist/[22m[36miframe/iframe.js                                        [39m[1m[2m1.81 kB[22m[1m[22m[2m │ gzip: 0.63 kB[22m[2m │ map:  4.08 kB[22m
[2mdist/[22m[36mindex.js                                                [39m[1m[2m1.91 kB[22m[1m[22m[2m │ gzip: 0.59 kB[22m[2m │ map:  0.11 kB[22m
[2mdist/[22m[36mconversation-history/conversation-history.js            [39m[1m[2m2.03 kB[22m[1m[22m[2m │ gzip: 0.83 kB[22m[2m │ map:  4.31 kB[22m
[2mdist/[22m[36mattachment/attachment-transformer.js                    [39m[1m[2m2.10 kB[22m[1m[22m[2m │ gzip: 0.78 kB[22m[2m │ map:  4.39 kB[22m
[2mdist/[22m[36mlinker/linker.js                                        [39m[1m[2m2.22 kB[22m[1m[22m[2m │ gzip: 0.83 kB[22m[2m │ map:  5.64 kB[22m
[2mdist/[22m[36mspeech-recognition/speech-recognition.js                [39m[1m[2m2.27 kB[22m[1m[22m[2m │ gzip: 0.82 kB[22m[2m │ map:  5.25 kB[22m
[2mdist/[22m[36mattachment/attachment.js                                [39m[1m[2m2.75 kB[22m[1m[22m[2m │ gzip: 0.98 kB[22m[2m │ map:  5.91 kB[22m
[2mdist/[22m[36mvideo/video.js                                          [39m[1m[2m3.04 kB[22m[1m[22m[2m │ gzip: 0.95 kB[22m[2m │ map:  6.77 kB[22m
[2mdist/[22m[36mimage/image.js                                          [39m[1m[2m5.78 kB[22m[1m[22m[2m │ gzip: 1.85 kB[22m[2m │ map: 11.94 kB[22m
[32m[36m[vite:dts][32m Declaration files built in 708ms.
[39m
[2K[1Grendering chunks (1)...[2K[1Grendering chunks (2)...[2K[1Grendering chunks (3)...[2K[1Grendering chunks (4)...[2K[1Grendering chunks (5)...[2K[1Grendering chunks (6)...[2K[1Grendering chunks (7)...[2K[1Grendering chunks (8)...[2K[1Grendering chunks (9)...[2K[1Grendering chunks (10)...[2K[1Grendering chunks (11)...[2K[1Grendering chunks (12)...[2K[1Grendering chunks (13)...[2K[1Grendering chunks (14)...[2K[1Grendering chunks (15)...[2K[1Grendering chunks (16)...[2K[1Grendering chunks (17)...[2K[1Grendering chunks (18)...[2K[1Grendering chunks (19)...[2K[1Grendering chunks (20)...[2K[1Grendering chunks (21)...[2K[1Grendering chunks (22)...[2K[1Grendering chunks (23)...[2K[1Grendering chunks (24)...[2K[1Grendering chunks (25)...[2K[1Grendering chunks (26)...[2K[1Grendering chunks (27)...[2K[1G[2K[1Gcomputing gzip size (1)...[2K[1Gcomputing gzip size (2)...[2K[1Gcomputing gzip size (3)...[2K[1Gcomputing gzip size (4)...[2K[1Gcomputing gzip size (5)...[2K[1Gcomputing gzip size (6)...[2K[1Gcomputing gzip size (7)...[2K[1Gcomputing gzip size (8)...[2K[1Gcomputing gzip size (9)...[2K[1Gcomputing gzip size (10)...[2K[1Gcomputing gzip size (11)...[2K[1Gcomputing gzip size (12)...[2K[1Gcomputing gzip size (13)...[2K[1Gcomputing gzip size (14)...[2K[1Gcomputing gzip size (15)...[2K[1Gcomputing gzip size (16)...[2K[1Gcomputing gzip size (17)...[2K[1Gcomputing gzip size (18)...[2K[1Gcomputing gzip size (19)...[2K[1Gcomputing gzip size (20)...[2K[1Gcomputing gzip size (21)...[2K[1Gcomputing gzip size (22)...[2K[1Gcomputing gzip size (23)...[2K[1Gcomputing gzip size (24)...[2K[1Gcomputing gzip size (25)...[2K[1Gcomputing gzip size (26)...[2K[1Gcomputing gzip size (27)...[2K[1G[2mdist/[22m[36mtransform/html-to-json/html-to-json.cjs                  [39m[1m[2m0.18 kB[22m[1m[22m[2m │ gzip: 0.16 kB[22m[2m │ map:  0.40 kB[22m
[2mdist/[22m[36mtransform/json-to-html/json-to-html.cjs                  [39m[1m[2m0.18 kB[22m[1m[22m[2m │ gzip: 0.16 kB[22m[2m │ map:  0.40 kB[22m
[2mdist/[22m[36mparagraph/paragraph.cjs                                  [39m[1m[2m0.37 kB[22m[1m[22m[2m │ gzip: 0.27 kB[22m[2m │ map:  1.10 kB[22m
[2mdist/[22m[36mconversation-history-body/conversation-history-body.cjs  [39m[1m[2m0.51 kB[22m[1m[22m[2m │ gzip: 0.31 kB[22m[2m │ map:  1.26 kB[22m
[2mdist/[22m[36mhighlight/highlight.cjs                                  [39m[1m[2m0.52 kB[22m[1m[22m[2m │ gzip: 0.33 kB[22m[2m │ map:  0.86 kB[22m
[2mdist/[22m[36mabbr/abbr.cjs                                            [39m[1m[2m0.53 kB[22m[1m[22m[2m │ gzip: 0.32 kB[22m[2m │ map:  1.54 kB[22m
[2mdist/[22m[36malert/alert.cjs                                          [39m[1m[2m0.59 kB[22m[1m[22m[2m │ gzip: 0.37 kB[22m[2m │ map:  1.35 kB[22m
[2mdist/[22m[36mline-height/line-height.cjs                              [39m[1m[2m0.62 kB[22m[1m[22m[2m │ gzip: 0.39 kB[22m[2m │ map:  1.28 kB[22m
[2mdist/[22m[36mtable-cell/table-cell.cjs                                [39m[1m[2m0.62 kB[22m[1m[22m[2m │ gzip: 0.37 kB[22m[2m │ map:  1.31 kB[22m
[2mdist/[22m[36mspeech-synthesis/speech-synthesis.cjs                    [39m[1m[2m0.79 kB[22m[1m[22m[2m │ gzip: 0.38 kB[22m[2m │ map:  1.94 kB[22m
[2mdist/[22m[36mfont-size/font-size.cjs                                  [39m[1m[2m0.80 kB[22m[1m[22m[2m │ gzip: 0.46 kB[22m[2m │ map:  2.24 kB[22m
[2mdist/[22m[36miframe/transformers/pad-transformer.cjs                  [39m[1m[2m0.84 kB[22m[1m[22m[2m │ gzip: 0.49 kB[22m[2m │ map:  2.31 kB[22m
[2mdist/[22m[36minformation-pane/information-pane.cjs                    [39m[1m[2m0.88 kB[22m[1m[22m[2m │ gzip: 0.47 kB[22m[2m │ map:  2.41 kB[22m
[2mdist/[22m[36mhyperlink/hyperlink.cjs                                  [39m[1m[2m0.92 kB[22m[1m[22m[2m │ gzip: 0.48 kB[22m[2m │ map:  3.13 kB[22m
[2mdist/[22m[36mmathjax/mathjax.cjs                                      [39m[1m[2m0.95 kB[22m[1m[22m[2m │ gzip: 0.51 kB[22m[2m │ map:  2.19 kB[22m
[2mdist/[22m[36maudio/audio.cjs                                          [39m[1m[2m0.98 kB[22m[1m[22m[2m │ gzip: 0.52 kB[22m[2m │ map:  2.73 kB[22m
[2mdist/[22m[36miframe/transformers/index.cjs                            [39m[1m[2m1.00 kB[22m[1m[22m[2m │ gzip: 0.48 kB[22m[2m │ map:  0.90 kB[22m
[2mdist/[22m[36mconversation-history/conversation-history.cjs            [39m[1m[2m1.20 kB[22m[1m[22m[2m │ gzip: 0.61 kB[22m[2m │ map:  4.14 kB[22m
[2mdist/[22m[36mheading/heading.cjs                                      [39m[1m[2m1.28 kB[22m[1m[22m[2m │ gzip: 0.64 kB[22m[2m │ map:  3.58 kB[22m
[2mdist/[22m[36miframe/iframe.cjs                                        [39m[1m[2m1.35 kB[22m[1m[22m[2m │ gzip: 0.61 kB[22m[2m │ map:  3.80 kB[22m
[2mdist/[22m[36mattachment/attachment-transformer.cjs                    [39m[1m[2m1.56 kB[22m[1m[22m[2m │ gzip: 0.72 kB[22m[2m │ map:  4.08 kB[22m
[2mdist/[22m[36mlinker/linker.cjs                                        [39m[1m[2m1.57 kB[22m[1m[22m[2m │ gzip: 0.75 kB[22m[2m │ map:  5.25 kB[22m
[2mdist/[22m[36mspeech-recognition/speech-recognition.cjs                [39m[1m[2m1.88 kB[22m[1m[22m[2m │ gzip: 0.78 kB[22m[2m │ map:  5.10 kB[22m
[2mdist/[22m[36mattachment/attachment.cjs                                [39m[1m[2m1.97 kB[22m[1m[22m[2m │ gzip: 0.89 kB[22m[2m │ map:  5.55 kB[22m
[2mdist/[22m[36mvideo/video.cjs                                          [39m[1m[2m2.31 kB[22m[1m[22m[2m │ gzip: 0.90 kB[22m[2m │ map:  6.35 kB[22m
[2mdist/[22m[36mindex.cjs                                                [39m[1m[2m2.42 kB[22m[1m[22m[2m │ gzip: 0.70 kB[22m[2m │ map:  0.09 kB[22m
[2mdist/[22m[36mimage/image.cjs                                          [39m[1m[2m4.07 kB[22m[1m[22m[2m │ gzip: 1.67 kB[22m[2m │ map: 11.26 kB[22m
[32m✓ built in 904ms[39m
