
[43m[30m WARN [39m[49m Issue while reading "/Volumes/Work/edifice-frontend-framework/.npmrc". Failed to replace env in config: ${NPM_TOKEN}

> @edifice.io/utilities@2.5.11 build /Volumes/Work/edifice-frontend-framework/packages/utilities
> vite build

[36mvite v5.4.14 [32mbuilding for production...[36m[39m
[33m"build.lib.formats" will be ignored because "build.rollupOptions.output" is already an array format.[39m
[2K[1Gtransforming (1) [2msrc/index.ts[22m[2K[1G[32m✓[39m 23 modules transformed.
[2K[1Grendering chunks (1)...[2K[1Grendering chunks (2)...[2K[1Grendering chunks (3)...[2K[1Grendering chunks (4)...[2K[1Grendering chunks (5)...[2K[1Grendering chunks (6)...[2K[1Grendering chunks (7)...[2K[1Grendering chunks (8)...[2K[1Grendering chunks (9)...[2K[1Grendering chunks (10)...[2K[1Grendering chunks (11)...[2K[1Grendering chunks (12)...[2K[1G[32m
[36m[vite:dts][32m Start generate declaration files...[39m
[2K[1Gcomputing gzip size (0)...[2K[1Gcomputing gzip size (1)...[2K[1Gcomputing gzip size (2)...[2K[1Gcomputing gzip size (3)...[2K[1Gcomputing gzip size (4)...[2K[1Gcomputing gzip size (5)...[2K[1Gcomputing gzip size (6)...[2K[1Gcomputing gzip size (7)...[2K[1Gcomputing gzip size (8)...[2K[1Gcomputing gzip size (9)...[2K[1Gcomputing gzip size (10)...[2K[1Gcomputing gzip size (11)...[2K[1Gcomputing gzip size (12)...[2K[1G[2mdist/[22m[36mnoop/noop.js                                      [39m[1m[2m0.05 kB[22m[1m[22m[2m │ gzip: 0.06 kB[22m
[2mdist/[22m[36madd-timestamp-to-url/add-timestamp-to-url.js      [39m[1m[2m0.18 kB[22m[1m[22m[2m │ gzip: 0.17 kB[22m
[2mdist/[22m[36mget-thumbnail/get-thumbnail.js                    [39m[1m[2m0.21 kB[22m[1m[22m[2m │ gzip: 0.16 kB[22m
[2mdist/[22m[36mlibrary-maps/library-maps.js                      [39m[1m[2m0.24 kB[22m[1m[22m[2m │ gzip: 0.18 kB[22m
[2mdist/[22m[36mcustom-size/custom-size.js                        [39m[1m[2m0.26 kB[22m[1m[22m[2m │ gzip: 0.20 kB[22m
[2mdist/[22m[36mtime/time.js                                      [39m[1m[2m0.27 kB[22m[1m[22m[2m │ gzip: 0.20 kB[22m
[2mdist/[22m[36mget-or-generate-blobId/get-or-generate-blobId.js  [39m[1m[2m0.36 kB[22m[1m[22m[2m │ gzip: 0.26 kB[22m
[2mdist/[22m[36mvideo/video.js                                    [39m[1m[2m0.36 kB[22m[1m[22m[2m │ gzip: 0.23 kB[22m
[2mdist/[22m[36mstring-utils/string-utils.js                      [39m[1m[2m0.42 kB[22m[1m[22m[2m │ gzip: 0.29 kB[22m
[2mdist/[22m[36mindex.js                                          [39m[1m[2m1.06 kB[22m[1m[22m[2m │ gzip: 0.40 kB[22m
[2mdist/[22m[36mimage-resizer/image-resizer.js                    [39m[1m[2m3.64 kB[22m[1m[22m[2m │ gzip: 1.34 kB[22m
[2mdist/[22m[36mmime-type-utils/mime-type-utils.js                [39m[1m[2m7.72 kB[22m[1m[22m[2m │ gzip: 1.29 kB[22m
[32m[36m[vite:dts][32m Declaration files built in 494ms.
[39m
[2K[1Grendering chunks (1)...[2K[1Grendering chunks (2)...[2K[1Grendering chunks (3)...[2K[1Grendering chunks (4)...[2K[1Grendering chunks (5)...[2K[1Grendering chunks (6)...[2K[1Grendering chunks (7)...[2K[1Grendering chunks (8)...[2K[1Grendering chunks (9)...[2K[1Grendering chunks (10)...[2K[1Grendering chunks (11)...[2K[1Grendering chunks (12)...[2K[1G[2K[1Gcomputing gzip size (1)...[2K[1Gcomputing gzip size (2)...[2K[1Gcomputing gzip size (3)...[2K[1Gcomputing gzip size (4)...[2K[1Gcomputing gzip size (5)...[2K[1Gcomputing gzip size (6)...[2K[1Gcomputing gzip size (7)...[2K[1Gcomputing gzip size (8)...[2K[1Gcomputing gzip size (9)...[2K[1Gcomputing gzip size (10)...[2K[1Gcomputing gzip size (11)...[2K[1Gcomputing gzip size (12)...[2K[1G[2mdist/[22m[36mnoop/noop.cjs                                      [39m[1m[2m0.11 kB[22m[1m[22m[2m │ gzip: 0.13 kB[22m
[2mdist/[22m[36madd-timestamp-to-url/add-timestamp-to-url.cjs      [39m[1m[2m0.21 kB[22m[1m[22m[2m │ gzip: 0.20 kB[22m
[2mdist/[22m[36mget-thumbnail/get-thumbnail.cjs                    [39m[1m[2m0.25 kB[22m[1m[22m[2m │ gzip: 0.20 kB[22m
[2mdist/[22m[36mlibrary-maps/library-maps.cjs                      [39m[1m[2m0.28 kB[22m[1m[22m[2m │ gzip: 0.22 kB[22m
[2mdist/[22m[36mtime/time.cjs                                      [39m[1m[2m0.28 kB[22m[1m[22m[2m │ gzip: 0.23 kB[22m
[2mdist/[22m[36mcustom-size/custom-size.cjs                        [39m[1m[2m0.29 kB[22m[1m[22m[2m │ gzip: 0.24 kB[22m
[2mdist/[22m[36mget-or-generate-blobId/get-or-generate-blobId.cjs  [39m[1m[2m0.36 kB[22m[1m[22m[2m │ gzip: 0.26 kB[22m
[2mdist/[22m[36mvideo/video.cjs                                    [39m[1m[2m0.40 kB[22m[1m[22m[2m │ gzip: 0.27 kB[22m
[2mdist/[22m[36mstring-utils/string-utils.cjs                      [39m[1m[2m0.41 kB[22m[1m[22m[2m │ gzip: 0.31 kB[22m
[2mdist/[22m[36mindex.cjs                                          [39m[1m[2m1.04 kB[22m[1m[22m[2m │ gzip: 0.41 kB[22m
[2mdist/[22m[36mimage-resizer/image-resizer.cjs                    [39m[1m[2m1.26 kB[22m[1m[22m[2m │ gzip: 0.70 kB[22m
[2mdist/[22m[36mmime-type-utils/mime-type-utils.cjs                [39m[1m[2m6.59 kB[22m[1m[22m[2m │ gzip: 1.20 kB[22m
[32m✓ built in 568ms[39m
